c:\users\phant\onedrive\desktop\crossgame-main\game\x64\debug\vc142.pdb
c:\users\phant\onedrive\desktop\crossgame-main\game\x64\debug\vc142.idb
c:\users\phant\onedrive\desktop\crossgame-main\game\x64\debug\trafficlight.obj
c:\users\phant\onedrive\desktop\crossgame-main\game\x64\debug\menu.obj
c:\users\phant\onedrive\desktop\crossgame-main\game\x64\debug\main.obj
c:\users\phant\onedrive\desktop\crossgame-main\game\x64\debug\graphics.obj
c:\users\phant\onedrive\desktop\crossgame-main\game\x64\debug\game.obj
c:\users\phant\onedrive\desktop\crossgame-main\game\x64\debug\cvehicle.obj
c:\users\phant\onedrive\desktop\crossgame-main\game\x64\debug\ctruck.obj
c:\users\phant\onedrive\desktop\crossgame-main\game\x64\debug\cplayer.obj
c:\users\phant\onedrive\desktop\crossgame-main\game\x64\debug\console.obj
c:\users\phant\onedrive\desktop\crossgame-main\game\x64\debug\cgame.obj
c:\users\phant\onedrive\desktop\crossgame-main\game\x64\debug\cdinosaur.obj
c:\users\phant\onedrive\desktop\crossgame-main\game\x64\debug\ccar.obj
c:\users\phant\onedrive\desktop\crossgame-main\game\x64\debug\cbird.obj
c:\users\phant\onedrive\desktop\crossgame-main\game\x64\debug\canimal.obj
c:\users\phant\onedrive\desktop\crossgame-main\x64\debug\game.exe
c:\users\phant\onedrive\desktop\crossgame-main\game\x64\debug\game.ilk
c:\users\phant\onedrive\desktop\crossgame-main\x64\debug\game.pdb
c:\users\phant\onedrive\desktop\crossgame-main\game\x64\debug\game.tlog\cl.command.1.tlog
c:\users\phant\onedrive\desktop\crossgame-main\game\x64\debug\game.tlog\cl.read.1.tlog
c:\users\phant\onedrive\desktop\crossgame-main\game\x64\debug\game.tlog\cl.write.1.tlog
c:\users\phant\onedrive\desktop\crossgame-main\game\x64\debug\game.tlog\link.command.1.tlog
c:\users\phant\onedrive\desktop\crossgame-main\game\x64\debug\game.tlog\link.read.1.tlog
c:\users\phant\onedrive\desktop\crossgame-main\game\x64\debug\game.tlog\link.write.1.tlog
